%!Adobe-FontList 1.20
%Locale:0x404

%BeginFont
Handler:DirectoryHandler
FontType:TrueType
FontName:PressStart2P-Regular
FamilyName:Press Start 2P
StyleName:Regular
FullName:Press Start 2P Regular
MenuName:Press Start 2P
StyleBits:0
WritingScript:Roman
OutlineFileName:C:\Users\penny\Desktop\pixel game\Font\PressStart2P-Regular.ttf
DataFormat:sfntData
hasSVG:no
VariableFontType:NonVariableFont
FileLength:116008
FileModTime:1333468800
WeightClass:400
WidthClass:5
AngleClass:0
NameArray:0,Win,1,Press Start 2P
%EndFont

